<?xml version="1.0" encoding="UTF-8"?>
<!-- Generated by org.testng.reporters.JUnitReportReporter -->
<testsuite skipped="0" hostname="F9XG882" name="WalletHub.Utility.Assignment2" tests="1" failures="0" timestamp="14 Nov 2018 20:11:05 GMT" time="75.429" errors="0">
  <testcase name="assignment2" time="75.429" classname="WalletHub.Utility.Assignment2"/>
</testsuite> <!-- WalletHub.Utility.Assignment2 -->
